<?xml version="1.0" encoding="UTF-8"?>
<testng-results ignored="0" total="1" passed="1" failed="0" skipped="0">
  <reporter-output>
  </reporter-output>
  <suite started-at="2022-08-02T17:06:49 IST" name="Default suite" finished-at="2022-08-02T17:08:42 IST" duration-ms="113452">
    <groups>
    </groups>
    <test started-at="2022-08-02T17:06:49 IST" name="Default test" finished-at="2022-08-02T17:08:42 IST" duration-ms="113452">
      <class name="automationproject.launch">
        <test-method signature="Lanching_the_Browser()[pri:0, instance:automationproject.launch@16ec5519]" started-at="2022-08-02T17:06:49 IST" name="Lanching_the_Browser" finished-at="2022-08-02T17:08:42 IST" duration-ms="113396" status="PASS">
          <reporter-output>
          </reporter-output>
        </test-method> <!-- Lanching_the_Browser -->
      </class> <!-- automationproject.launch -->
    </test> <!-- Default test -->
  </suite> <!-- Default suite -->
</testng-results>
